<?xml version="1.0" encoding="UTF-8"?>
<testng-results skipped="0" failed="1" ignored="0" total="1" passed="0">
  <reporter-output>
  </reporter-output>
  <suite name="Default suite" duration-ms="18250" started-at="2020-02-11T15:09:50Z" finished-at="2020-02-11T15:10:09Z">
    <groups>
    </groups>
    <test name="Default test" duration-ms="18250" started-at="2020-02-11T15:09:50Z" finished-at="2020-02-11T15:10:09Z">
      <class name="RegisterTest.SuccessfulLoginTest">
        <test-method status="PASS" signature="openBrowser()[pri:0, instance:RegisterTest.SuccessfulLoginTest@1e88b3c]" name="openBrowser" is-config="true" duration-ms="7120" started-at="2020-02-11T15:09:50Z" finished-at="2020-02-11T15:09:57Z">
          <reporter-output>
          </reporter-output>
        </test-method> <!-- openBrowser -->
        <test-method status="FAIL" signature="VerifyLoginpage()[pri:0, instance:RegisterTest.SuccessfulLoginTest@1e88b3c]" name="VerifyLoginpage" duration-ms="9707" started-at="2020-02-11T15:09:57Z" finished-at="2020-02-11T15:10:07Z">
          <exception class="java.lang.AssertionError">
            <message>
              <![CDATA[Test Case failed because user did't redirect to Renew Page expected [true] but found [false]]]>
            </message>
            <full-stacktrace>
              <![CDATA[java.lang.AssertionError: Test Case failed because user did't redirect to Renew Page expected [true] but found [false]
at org.testng.Assert.fail(Assert.java:96)
at org.testng.Assert.failNotEquals(Assert.java:776)
at org.testng.Assert.assertTrue(Assert.java:44)
at RegisterTest.SuccessfulLoginTest.VerifyLoginpage(SuccessfulLoginTest.java:43)
at sun.reflect.NativeMethodAccessorImpl.invoke0(Native Method)
at sun.reflect.NativeMethodAccessorImpl.invoke(NativeMethodAccessorImpl.java:62)
at sun.reflect.DelegatingMethodAccessorImpl.invoke(DelegatingMethodAccessorImpl.java:43)
at java.lang.reflect.Method.invoke(Method.java:498)
at org.testng.internal.MethodInvocationHelper.invokeMethod(MethodInvocationHelper.java:124)
at org.testng.internal.Invoker.invokeMethod(Invoker.java:580)
at org.testng.internal.Invoker.invokeTestMethod(Invoker.java:716)
at org.testng.internal.Invoker.invokeTestMethods(Invoker.java:988)
at org.testng.internal.TestMethodWorker.invokeTestMethods(TestMethodWorker.java:125)
at org.testng.internal.TestMethodWorker.run(TestMethodWorker.java:109)
at org.testng.TestRunner.privateRun(TestRunner.java:648)
at org.testng.TestRunner.run(TestRunner.java:505)
at org.testng.SuiteRunner.runTest(SuiteRunner.java:455)
at org.testng.SuiteRunner.runSequentially(SuiteRunner.java:450)
at org.testng.SuiteRunner.privateRun(SuiteRunner.java:415)
at org.testng.SuiteRunner.run(SuiteRunner.java:364)
at org.testng.SuiteRunnerWorker.runSuite(SuiteRunnerWorker.java:52)
at org.testng.SuiteRunnerWorker.run(SuiteRunnerWorker.java:84)
at org.testng.TestNG.runSuitesSequentially(TestNG.java:1208)
at org.testng.TestNG.runSuitesLocally(TestNG.java:1137)
at org.testng.TestNG.runSuites(TestNG.java:1049)
at org.testng.TestNG.run(TestNG.java:1017)
at org.testng.remote.AbstractRemoteTestNG.run(AbstractRemoteTestNG.java:114)
at org.testng.remote.RemoteTestNG.initAndRun(RemoteTestNG.java:251)
at org.testng.remote.RemoteTestNG.main(RemoteTestNG.java:77)
]]>
            </full-stacktrace>
          </exception> <!-- java.lang.AssertionError -->
          <reporter-output>
          </reporter-output>
        </test-method> <!-- VerifyLoginpage -->
        <test-method status="PASS" signature="afterMethod(org.testng.ITestResult)[pri:0, instance:RegisterTest.SuccessfulLoginTest@1e88b3c]" name="afterMethod" is-config="true" duration-ms="492" started-at="2020-02-11T15:10:07Z" finished-at="2020-02-11T15:10:08Z">
          <params>
            <param index="0">
              <value>
                <![CDATA[[TestResult name=VerifyLoginpage status=FAILURE method=SuccessfulLoginTest.VerifyLoginpage()[pri:0, instance:RegisterTest.SuccessfulLoginTest@1e88b3c] output={null}]]]>
              </value>
            </param>
          </params>
          <reporter-output>
          </reporter-output>
        </test-method> <!-- afterMethod -->
        <test-method status="PASS" signature="closeBrowser()[pri:0, instance:RegisterTest.SuccessfulLoginTest@1e88b3c]" name="closeBrowser" is-config="true" duration-ms="853" started-at="2020-02-11T15:10:08Z" finished-at="2020-02-11T15:10:09Z">
          <reporter-output>
          </reporter-output>
        </test-method> <!-- closeBrowser -->
      </class> <!-- RegisterTest.SuccessfulLoginTest -->
    </test> <!-- Default test -->
  </suite> <!-- Default suite -->
</testng-results>
